#
# A fatal error has been detected by the Java Runtime Environment:
#
#  EXCEPTION_ACCESS_VIOLATION (0xc0000005) at pc=0x000001efb6c281ac, pid=5496, tid=3540
#
# JRE version: OpenJDK Runtime Environment JBR-17.0.7+10-829.16-jcef (17.0.7+10) (build 17.0.7+10-b829.16)
# Java VM: OpenJDK 64-Bit Server VM JBR-17.0.7+10-829.16-jcef (17.0.7+10-b829.16, mixed mode, tiered, compressed oops, compressed class ptrs, g1 gc, windows-amd64)
# Problematic frame:
# v  ~StubRoutines::jshort_disjoint_arraycopy
#
# No core dump will be written. Minidumps are not enabled by default on client versions of Windows
#
# If you would like to submit a bug report, please visit:
#   https://youtrack.jetbrains.com/issues/JBR
#

---------------  S U M M A R Y ------------

Command Line: -Dfile.encoding=windows-1252 -Duser.country=GB -Duser.language=en -Duser.variant com.thnkscj.socket.server.MainServer

Host: Intel(R) Core(TM) i7-2600 CPU @ 3.40GHz, 8 cores, 15G,  Windows 10 , 64 bit Build 19041 (10.0.19041.3393)
Time: Thu Oct 12 17:18:29 2023 GMT Daylight Time elapsed time: 7.878890 seconds (0d 0h 0m 7s)

---------------  T H R E A D  ---------------

Current thread (0x000001efcb63d990):  JavaThread "Timer-1" [_thread_in_vm, id=3540, stack(0x000000ea01400000,0x000000ea01500000)]

Stack: [0x000000ea01400000,0x000000ea01500000],  sp=0x000000ea014feb90,  free space=1018k
Native frames: (J=compiled Java code, j=interpreted, Vv=VM code, C=native code)
C  0x000001efb6c281ac

Java frames: (J=compiled Java code, j=interpreted, Vv=VM code)
j  jdk.internal.misc.Unsafe.copyMemory0(Ljava/lang/Object;JLjava/lang/Object;JJ)V+0 java.base@17.0.7
j  jdk.internal.misc.Unsafe.copyMemory(Ljava/lang/Object;JLjava/lang/Object;JJ)V+29 java.base@17.0.7
j  jdk.internal.misc.Unsafe.copyMemory(JJJ)V+7 java.base@17.0.7
j  sun.misc.Unsafe.copyMemory(JJJ)V+7 jdk.unsupported@17.0.7
j  com.thnkscj.socket.common.util.unsafe.Unsecure.toBytes(Ljava/lang/Object;)[B+64
j  com.thnkscj.socket.common.util.unsafe.ObjectSerializer.serialize(Ljava/lang/Object;)[B+14
j  com.thnkscj.socket.common.util.bytes.WritingByteBuffer.writeObject(Ljava/lang/Object;)V+9
j  com.thnkscj.socket.common.packet.packets.SPacketRequestExchange.send(Lcom/thnkscj/socket/common/util/bytes/WritingByteBuffer;)V+4
j  com.thnkscj.socket.common.util.stream.OutputStreamThread$1.run()V+196
j  java.util.TimerThread.mainLoop()V+221 java.base@17.0.7
j  java.util.TimerThread.run()V+1 java.base@17.0.7
v  ~StubRoutines::call_stub

siginfo: EXCEPTION_ACCESS_VIOLATION (0xc0000005), reading address 0x00000000e21383c0


Register to memory mapping:

RIP=0x000001efb6c281ac is at begin+44 in a stub
StubRoutines::jshort_disjoint_arraycopy [0x000001efb6c28180, 0x000001efb6c28257] (215 bytes)
RAX=0x00000000e21383d8 is an unknown value
RBX=0x000001efcb63d990 is a thread
RCX=0x000000000000000c is an unknown value
RDX=0xfffffffffffffffd is an unknown value
RSP=0x000000ea014feb90 is pointing into the stack for thread: 0x000001efcb63d990
RBP=0x000000ea014feb90 is pointing into the stack for thread: 0x000001efcb63d990
RSI=3792201338 is a compressed pointer to object: java.lang.reflect.Field 
{0x00000007104333d0} - klass: 'java/lang/reflect/Field'
 - ---- fields (total size 9 words):
 - 'override' 'Z' @12  false
 - volatile 'accessCheckCache' 'Ljava/lang/Object;' @16  NULL (0)
 - private 'trustedFinal' 'Z' @13  true
 - private 'slot' 'I' @20  0
 - private 'modifiers' 'I' @24  26 (1a)
 - private 'clazz' 'Ljava/lang/Class;' @28  a 'java/lang/Class'{0x0000000710804a30} = 'java/util/ArrayList' (e2100946)
 - private 'name' 'Ljava/lang/String;' @32  "serialVersionUID"{0x00000007109ca438} (e2139487)
 - private 'type' 'Ljava/lang/Class;' @36  a 'java/lang/Class'{0x0000000710800310} = long (e2100062)
 - private transient 'signature' 'Ljava/lang/String;' @40  NULL (0)
 - private transient 'genericInfo' 'Lsun/reflect/generics/repository/FieldRepository;' @44  NULL (0)
 - private 'annotations' '[B' @48  NULL (0)
 - private 'fieldAccessor' 'Ljdk/internal/reflect/FieldAccessor;' @52  NULL (0)
 - private 'overrideFieldAccessor' 'Ljdk/internal/reflect/FieldAccessor;' @56  NULL (0)
 - private 'root' 'Ljava/lang/reflect/Field;' @60  a 'java/lang/reflect/Field'{0x000000071042f3c8} (e2085e79)
 - private volatile transient 'declaredAnnotations' 'Ljava/util/Map;' @64  NULL (0)
RDI=0x00000000e21383d0 is an unknown value
R8 =0x000000000000000c is an unknown value
R9 =0x0 is NULL
R10=0x0 is NULL
R11=0x0000000000000102 is an unknown value
R12=0x0 is NULL
R13=0x000001efcc0ddc40 is pointing into metadata
R14=0x0 is NULL
R15=0x000001efcb63d990 is a thread


Registers:
RAX=0x00000000e21383d8, RBX=0x000001efcb63d990, RCX=0x000000000000000c, RDX=0xfffffffffffffffd
RSP=0x000000ea014feb90, RBP=0x000000ea014feb90, RSI=0x00000000e208667a, RDI=0x00000000e21383d0
R8 =0x000000000000000c, R9 =0x0000000000000000, R10=0x0000000000000000, R11=0x0000000000000102
R12=0x0000000000000000, R13=0x000001efcc0ddc40, R14=0x0000000000000000, R15=0x000001efcb63d990
RIP=0x000001efb6c281ac, EFLAGS=0x0000000000010293

Top of Stack: (sp=0x000000ea014feb90)
0x000000ea014feb90:   00000000e21383c0 00007ffece49809d
0x000000ea014feba0:   000000ea014fec18 000001efb6bf94fe
0x000000ea014febb0:   00000000e208666a 0000000000000000
0x000000ea014febc0:   000000ea014fece0 000001efb6bfd5a1
0x000000ea014febd0:   000001efcc0ddc48 000000ea014fec80
0x000000ea014febe0:   0000000000000244 000001efb6bf9657
0x000000ea014febf0:   0000000000000000 00000000e208666a
0x000000ea014fec00:   0000000000000018 0000000000000000
0x000000ea014fec10:   000000ea014fec28 000000ea014fec90
0x000000ea014fec20:   000001efb6bf94fe 00000000e208666a
0x000000ea014fec30:   0000000000000000 000000ea014fec38
0x000000ea014fec40:   0000000000000000 000000ea014fece0
0x000000ea014fec50:   000001efcc1410d0 0000000000000000
0x000000ea014fec60:   0000000710803d60 000001efcc0ddc48
0x000000ea014fec70:   0000000000000000 000000ea014feca0
0x000000ea014fec80:   000000ea014fed30 000001efb6bf94fe 

Instructions: (pc=0x000001efb6c281ac)
0x000001efb6c280ac:   00 0f 84 0a 00 00 00 66 8b 44 0f fe 66 89 44 0e
0x000001efb6c280bc:   fe f7 c1 04 00 00 00 0f 84 65 00 00 00 8b 04 d7
0x000001efb6c280cc:   89 04 d6 e9 5a 00 00 00 48 8b 44 d7 f8 48 89 44
0x000001efb6c280dc:   d6 f8 48 ff ca 75 f1 49 8b f9 49 8b f2 48 33 c0
0x000001efb6c280ec:   c5 f8 77 c9 c3 66 66 66 0f 1f 84 00 00 00 00 00
0x000001efb6c280fc:   66 66 66 90 c5 fa 6f 44 d7 30 c5 fa 7f 44 d6 30
0x000001efb6c2810c:   c5 fa 6f 4c d7 20 c5 fa 7f 4c d6 20 c5 fa 6f 54
0x000001efb6c2811c:   d7 10 c5 fa 7f 54 d6 10 c5 fa 6f 1c d7 c5 fa 7f
0x000001efb6c2812c:   1c d6 48 83 ea 08 7d cc 48 83 c2 04 7c 1a c5 fa
0x000001efb6c2813c:   6f 44 d7 10 c5 fa 7f 44 d6 10 c5 fa 6f 0c d7 c5
0x000001efb6c2814c:   fa 7f 0c d6 48 83 ea 04 48 83 c2 04 0f 8f 76 ff
0x000001efb6c2815c:   ff ff 49 8b f9 49 8b f2 48 33 c0 c5 f8 77 c9 c3
0x000001efb6c2816c:   66 66 66 0f 1f 84 00 00 00 00 00 66 66 66 90 0f
0x000001efb6c2817c:   1f 44 00 00 55 48 8b ec 4c 8b cf 4c 8b d6 48 8b
0x000001efb6c2818c:   f9 48 8b f2 49 8b d0 48 8b ca 48 c1 ea 02 48 8d
0x000001efb6c2819c:   7c d7 f8 48 8d 74 d6 f8 48 f7 da e9 74 00 00 00
0x000001efb6c281ac:   48 8b 44 d7 08 48 89 44 d6 08 48 ff c2 75 f1 f7
0x000001efb6c281bc:   c1 02 00 00 00 74 0e 8b 47 08 89 46 08 48 83 c7
0x000001efb6c281cc:   04 48 83 c6 04 f7 c1 01 00 00 00 74 08 66 8b 47
0x000001efb6c281dc:   08 66 89 46 08 49 8b f9 49 8b f2 48 33 c0 c5 f8
0x000001efb6c281ec:   77 c9 c3 90 c5 fa 6f 44 d7 c8 c5 fa 7f 44 d6 c8
0x000001efb6c281fc:   c5 fa 6f 4c d7 d8 c5 fa 7f 4c d6 d8 c5 fa 6f 54
0x000001efb6c2820c:   d7 e8 c5 fa 7f 54 d6 e8 c5 fa 6f 5c d7 f8 c5 fa
0x000001efb6c2821c:   7f 5c d6 f8 48 83 c2 08 7e ca 48 83 ea 04 7f 1c
0x000001efb6c2822c:   c5 fa 6f 44 d7 e8 c5 fa 7f 44 d6 e8 c5 fa 6f 4c
0x000001efb6c2823c:   d7 f8 c5 fa 7f 4c d6 f8 48 83 c2 04 48 83 ea 04
0x000001efb6c2824c:   0f 8c 5a ff ff ff e9 64 ff ff ff 66 0f 1f 84 00
0x000001efb6c2825c:   00 00 00 00 55 48 8b ec 48 3b d1 4a 8d 04 41 0f
0x000001efb6c2826c:   86 13 ff ff ff 48 3b d0 0f 83 0a ff ff ff 4c 8b
0x000001efb6c2827c:   cf 4c 8b d6 48 8b f9 48 8b f2 49 8b d0 48 8b ca
0x000001efb6c2828c:   48 c1 ea 02 f7 c1 01 00 00 00 74 0a 66 8b 44 4f
0x000001efb6c2829c:   fe 66 89 44 4e fe f7 c1 02 00 00 00 0f 84 60 00 


Stack slot to memory mapping:
stack at sp + 0 slots: 3792929728 is a compressed pointer to object: java.util.ArrayList 
{0x00000007109c1e00} - klass: 'java/util/ArrayList'
 - ---- fields (total size 3 words):
 - protected transient 'modCount' 'I' @12  2
 - private 'size' 'I' @16  6
 - transient 'elementData' '[Ljava/lang/Object;' @20  a 'java/lang/Object'[10] {0x00000007109c4608} (e21388c1)
stack at sp + 1 slots: 0x00007ffece49809d jvm.dll
stack at sp + 2 slots: 0x000000ea014fec18 is pointing into the stack for thread: 0x000001efcb63d990
stack at sp + 3 slots: 0x000001efb6bf94fe is at code_begin+1118 in an Interpreter codelet
return entry points  [0x000001efb6bf90a0, 0x000001efb6bf9ba0]  2816 bytes
stack at sp + 4 slots: 3792201322 is a compressed pointer to object: [B 
{0x0000000710433350} - klass: {type array byte}
 - length: 24
stack at sp + 5 slots: 0x0 is NULL
stack at sp + 6 slots: 0x000000ea014fece0 is pointing into the stack for thread: 0x000001efcb63d990
stack at sp + 7 slots: 0x000001efb6bfd5a1 is at code_begin+993 in an Interpreter codelet
method entry point (kind = native)  [0x000001efb6bfd1c0, 0x000001efb6bfdb40]  2432 bytes

StubRoutines::jshort_disjoint_arraycopy [0x000001efb6c28180, 0x000001efb6c28257] (215 bytes)
[MachCode]
  0x000001efb6c28180: 5548 8bec | 4c8b cf4c | 8bd6 488b | f948 8bf2 | 498b d048 | 8bca 48c1 | ea02 488d | 7cd7 f848 
  0x000001efb6c281a0: 8d74 d6f8 | 48f7 dae9 | 7400 0000 | 488b 44d7 | 0848 8944 | d608 48ff | c275 f1f7 | c102 0000 
  0x000001efb6c281c0: 0074 0e8b | 4708 8946 | 0848 83c7 | 0448 83c6 | 04f7 c101 | 0000 0074 | 0866 8b47 | 0866 8946 
  0x000001efb6c281e0: 0849 8bf9 | 498b f248 | 33c0 c5f8 | 77c9 c390 | c5fa 6f44 | d7c8 c5fa | 7f44 d6c8 | c5fa 6f4c 
  0x000001efb6c28200: d7d8 c5fa | 7f4c d6d8 | c5fa 6f54 | d7e8 c5fa | 7f54 d6e8 | c5fa 6f5c | d7f8 c5fa | 7f5c d6f8 
  0x000001efb6c28220: 4883 c208 | 7eca 4883 | ea04 7f1c | c5fa 6f44 | d7e8 c5fa | 7f44 d6e8 | c5fa 6f4c | d7f8 c5fa 
  0x000001efb6c28240: 7f4c d6f8 | 4883 c204 | 4883 ea04 | 0f8c 5aff | ffff e964 | 
[/MachCode]

---------------  P R O C E S S  ---------------

Threads class SMR info:
_java_thread_list=0x000001efcb61a8c0, length=15, elements={
0x000001efcb3f9e00, 0x000001efcb446680, 0x000001efcb493a80, 0x000001efcb494540,
0x000001efcb496e10, 0x000001efcb4976d0, 0x000001efcb4b5400, 0x000001efcb4b5db0,
0x000001efcb4b8ea0, 0x000001efcb619aa0, 0x000001efcb625490, 0x000001efd002aa10,
0x000001efaa76a840, 0x000001efcb63ca50, 0x000001efcb63d990
}

Java Threads: ( => current thread )
  0x000001efcb3f9e00 JavaThread "Reference Handler" daemon [_thread_blocked, id=18820, stack(0x000000ea00600000,0x000000ea00700000)]
  0x000001efcb446680 JavaThread "Finalizer" daemon [_thread_blocked, id=13856, stack(0x000000ea00700000,0x000000ea00800000)]
  0x000001efcb493a80 JavaThread "Signal Dispatcher" daemon [_thread_blocked, id=12956, stack(0x000000ea00800000,0x000000ea00900000)]
  0x000001efcb494540 JavaThread "Attach Listener" daemon [_thread_blocked, id=9976, stack(0x000000ea00900000,0x000000ea00a00000)]
  0x000001efcb496e10 JavaThread "Service Thread" daemon [_thread_blocked, id=12964, stack(0x000000ea00a00000,0x000000ea00b00000)]
  0x000001efcb4976d0 JavaThread "Monitor Deflation Thread" daemon [_thread_blocked, id=744, stack(0x000000ea00b00000,0x000000ea00c00000)]
  0x000001efcb4b5400 JavaThread "C2 CompilerThread0" daemon [_thread_blocked, id=14404, stack(0x000000ea00c00000,0x000000ea00d00000)]
  0x000001efcb4b5db0 JavaThread "C1 CompilerThread0" daemon [_thread_blocked, id=14540, stack(0x000000ea00d00000,0x000000ea00e00000)]
  0x000001efcb4b8ea0 JavaThread "Sweeper thread" daemon [_thread_blocked, id=16776, stack(0x000000ea00e00000,0x000000ea00f00000)]
  0x000001efcb619aa0 JavaThread "Notification Thread" daemon [_thread_blocked, id=5240, stack(0x000000ea00f00000,0x000000ea01000000)]
  0x000001efcb625490 JavaThread "Common-Cleaner" daemon [_thread_blocked, id=1948, stack(0x000000ea01100000,0x000000ea01200000)]
  0x000001efd002aa10 JavaThread "Thread-0" [_thread_in_native, id=9064, stack(0x000000ea01200000,0x000000ea01300000)]
  0x000001efaa76a840 JavaThread "DestroyJavaVM" [_thread_blocked, id=300, stack(0x000000ea7ff00000,0x000000ea80000000)]
  0x000001efcb63ca50 JavaThread "Timer-0" [_thread_in_Java, id=10236, stack(0x000000ea01300000,0x000000ea01400000)]
=>0x000001efcb63d990 JavaThread "Timer-1" [_thread_in_vm, id=3540, stack(0x000000ea01400000,0x000000ea01500000)]

Other Threads:
  0x000001efcb40e9b0 VMThread "VM Thread" [stack: 0x000000ea00500000,0x000000ea00600000] [id=13824]
  0x000001efaa7f1fb0 WatcherThread [stack: 0x000000ea01000000,0x000000ea01100000] [id=9776]
  0x000001efaa7d9c10 GCTaskThread "GC Thread#0" [stack: 0x000000ea00000000,0x000000ea00100000] [id=10752]
  0x000001efaa7eb9c0 ConcurrentGCThread "G1 Main Marker" [stack: 0x000000ea00100000,0x000000ea00200000] [id=18956]
  0x000001efaa7ec2e0 ConcurrentGCThread "G1 Conc#0" [stack: 0x000000ea00200000,0x000000ea00300000] [id=8280]
  0x000001efaa83e780 ConcurrentGCThread "G1 Refine#0" [stack: 0x000000ea00300000,0x000000ea00400000] [id=13332]
  0x000001efcb296250 ConcurrentGCThread "G1 Service" [stack: 0x000000ea00400000,0x000000ea00500000] [id=4068]

Threads with active compile tasks:

VM state: not at safepoint (normal execution)

VM Mutex/Monitor currently owned by a thread: None

Heap address: 0x0000000700a00000, size: 4086 MB, Compressed Oops mode: Zero based, Oop shift amount: 3

CDS archive(s) not mapped
Compressed class space mapped at: 0x0000000800000000-0x0000000840000000, reserved size: 1073741824
Narrow klass base: 0x0000000800000000, Narrow klass shift: 0, Narrow klass range: 0x40000000

GC Precious Log:
 CPUs: 8 total, 8 available
 Memory: 16340M
 Large Page Support: Disabled
 NUMA Support: Disabled
 Compressed Oops: Enabled (Zero based)
 Heap Region Size: 2M
 Heap Min Capacity: 8M
 Heap Initial Capacity: 256M
 Heap Max Capacity: 4086M
 Pre-touch: Disabled
 Parallel Workers: 8
 Concurrent Workers: 2
 Concurrent Refinement Workers: 8
 Periodic GC: Disabled

Heap:
 garbage-first heap   total 262144K, used 4096K [0x0000000700a00000, 0x0000000800000000)
  region size 2048K, 3 young (6144K), 0 survivors (0K)
 Metaspace       used 8109K, committed 8256K, reserved 1114112K
  class space    used 737K, committed 832K, reserved 1048576K

Heap Regions: E=young(eden), S=young(survivor), O=old, HS=humongous(starts), HC=humongous(continues), CS=collection set, F=free, OA=open archive, CA=closed archive, TAMS=top-at-mark-start (previous, next)
|   0|0x0000000700a00000, 0x0000000700a00000, 0x0000000700c00000|  0%| F|  |TAMS 0x0000000700a00000, 0x0000000700a00000| Untracked 
|   1|0x0000000700c00000, 0x0000000700c00000, 0x0000000700e00000|  0%| F|  |TAMS 0x0000000700c00000, 0x0000000700c00000| Untracked 
|   2|0x0000000700e00000, 0x0000000700e00000, 0x0000000701000000|  0%| F|  |TAMS 0x0000000700e00000, 0x0000000700e00000| Untracked 
|   3|0x0000000701000000, 0x0000000701000000, 0x0000000701200000|  0%| F|  |TAMS 0x0000000701000000, 0x0000000701000000| Untracked 
|   4|0x0000000701200000, 0x0000000701200000, 0x0000000701400000|  0%| F|  |TAMS 0x0000000701200000, 0x0000000701200000| Untracked 
|   5|0x0000000701400000, 0x0000000701400000, 0x0000000701600000|  0%| F|  |TAMS 0x0000000701400000, 0x0000000701400000| Untracked 
|   6|0x0000000701600000, 0x0000000701600000, 0x0000000701800000|  0%| F|  |TAMS 0x0000000701600000, 0x0000000701600000| Untracked 
|   7|0x0000000701800000, 0x0000000701800000, 0x0000000701a00000|  0%| F|  |TAMS 0x0000000701800000, 0x0000000701800000| Untracked 
|   8|0x0000000701a00000, 0x0000000701a00000, 0x0000000701c00000|  0%| F|  |TAMS 0x0000000701a00000, 0x0000000701a00000| Untracked 
|   9|0x0000000701c00000, 0x0000000701c00000, 0x0000000701e00000|  0%| F|  |TAMS 0x0000000701c00000, 0x0000000701c00000| Untracked 
|  10|0x0000000701e00000, 0x0000000701e00000, 0x0000000702000000|  0%| F|  |TAMS 0x0000000701e00000, 0x0000000701e00000| Untracked 
|  11|0x0000000702000000, 0x0000000702000000, 0x0000000702200000|  0%| F|  |TAMS 0x0000000702000000, 0x0000000702000000| Untracked 
|  12|0x0000000702200000, 0x0000000702200000, 0x0000000702400000|  0%| F|  |TAMS 0x0000000702200000, 0x0000000702200000| Untracked 
|  13|0x0000000702400000, 0x0000000702400000, 0x0000000702600000|  0%| F|  |TAMS 0x0000000702400000, 0x0000000702400000| Untracked 
|  14|0x0000000702600000, 0x0000000702600000, 0x0000000702800000|  0%| F|  |TAMS 0x0000000702600000, 0x0000000702600000| Untracked 
|  15|0x0000000702800000, 0x0000000702800000, 0x0000000702a00000|  0%| F|  |TAMS 0x0000000702800000, 0x0000000702800000| Untracked 
|  16|0x0000000702a00000, 0x0000000702a00000, 0x0000000702c00000|  0%| F|  |TAMS 0x0000000702a00000, 0x0000000702a00000| Untracked 
|  17|0x0000000702c00000, 0x0000000702c00000, 0x0000000702e00000|  0%| F|  |TAMS 0x0000000702c00000, 0x0000000702c00000| Untracked 
|  18|0x0000000702e00000, 0x0000000702e00000, 0x0000000703000000|  0%| F|  |TAMS 0x0000000702e00000, 0x0000000702e00000| Untracked 
|  19|0x0000000703000000, 0x0000000703000000, 0x0000000703200000|  0%| F|  |TAMS 0x0000000703000000, 0x0000000703000000| Untracked 
|  20|0x0000000703200000, 0x0000000703200000, 0x0000000703400000|  0%| F|  |TAMS 0x0000000703200000, 0x0000000703200000| Untracked 
|  21|0x0000000703400000, 0x0000000703400000, 0x0000000703600000|  0%| F|  |TAMS 0x0000000703400000, 0x0000000703400000| Untracked 
|  22|0x0000000703600000, 0x0000000703600000, 0x0000000703800000|  0%| F|  |TAMS 0x0000000703600000, 0x0000000703600000| Untracked 
|  23|0x0000000703800000, 0x0000000703800000, 0x0000000703a00000|  0%| F|  |TAMS 0x0000000703800000, 0x0000000703800000| Untracked 
|  24|0x0000000703a00000, 0x0000000703a00000, 0x0000000703c00000|  0%| F|  |TAMS 0x0000000703a00000, 0x0000000703a00000| Untracked 
|  25|0x0000000703c00000, 0x0000000703c00000, 0x0000000703e00000|  0%| F|  |TAMS 0x0000000703c00000, 0x0000000703c00000| Untracked 
|  26|0x0000000703e00000, 0x0000000703e00000, 0x0000000704000000|  0%| F|  |TAMS 0x0000000703e00000, 0x0000000703e00000| Untracked 
|  27|0x0000000704000000, 0x0000000704000000, 0x0000000704200000|  0%| F|  |TAMS 0x0000000704000000, 0x0000000704000000| Untracked 
|  28|0x0000000704200000, 0x0000000704200000, 0x0000000704400000|  0%| F|  |TAMS 0x0000000704200000, 0x0000000704200000| Untracked 
|  29|0x0000000704400000, 0x0000000704400000, 0x0000000704600000|  0%| F|  |TAMS 0x0000000704400000, 0x0000000704400000| Untracked 
|  30|0x0000000704600000, 0x0000000704600000, 0x0000000704800000|  0%| F|  |TAMS 0x0000000704600000, 0x0000000704600000| Untracked 
|  31|0x0000000704800000, 0x0000000704800000, 0x0000000704a00000|  0%| F|  |TAMS 0x0000000704800000, 0x0000000704800000| Untracked 
|  32|0x0000000704a00000, 0x0000000704a00000, 0x0000000704c00000|  0%| F|  |TAMS 0x0000000704a00000, 0x0000000704a00000| Untracked 
|  33|0x0000000704c00000, 0x0000000704c00000, 0x0000000704e00000|  0%| F|  |TAMS 0x0000000704c00000, 0x0000000704c00000| Untracked 
|  34|0x0000000704e00000, 0x0000000704e00000, 0x0000000705000000|  0%| F|  |TAMS 0x0000000704e00000, 0x0000000704e00000| Untracked 
|  35|0x0000000705000000, 0x0000000705000000, 0x0000000705200000|  0%| F|  |TAMS 0x0000000705000000, 0x0000000705000000| Untracked 
|  36|0x0000000705200000, 0x0000000705200000, 0x0000000705400000|  0%| F|  |TAMS 0x0000000705200000, 0x0000000705200000| Untracked 
|  37|0x0000000705400000, 0x0000000705400000, 0x0000000705600000|  0%| F|  |TAMS 0x0000000705400000, 0x0000000705400000| Untracked 
|  38|0x0000000705600000, 0x0000000705600000, 0x0000000705800000|  0%| F|  |TAMS 0x0000000705600000, 0x0000000705600000| Untracked 
|  39|0x0000000705800000, 0x0000000705800000, 0x0000000705a00000|  0%| F|  |TAMS 0x0000000705800000, 0x0000000705800000| Untracked 
|  40|0x0000000705a00000, 0x0000000705a00000, 0x0000000705c00000|  0%| F|  |TAMS 0x0000000705a00000, 0x0000000705a00000| Untracked 
|  41|0x0000000705c00000, 0x0000000705c00000, 0x0000000705e00000|  0%| F|  |TAMS 0x0000000705c00000, 0x0000000705c00000| Untracked 
|  42|0x0000000705e00000, 0x0000000705e00000, 0x0000000706000000|  0%| F|  |TAMS 0x0000000705e00000, 0x0000000705e00000| Untracked 
|  43|0x0000000706000000, 0x0000000706000000, 0x0000000706200000|  0%| F|  |TAMS 0x0000000706000000, 0x0000000706000000| Untracked 
|  44|0x0000000706200000, 0x0000000706200000, 0x0000000706400000|  0%| F|  |TAMS 0x0000000706200000, 0x0000000706200000| Untracked 
|  45|0x0000000706400000, 0x0000000706400000, 0x0000000706600000|  0%| F|  |TAMS 0x0000000706400000, 0x0000000706400000| Untracked 
|  46|0x0000000706600000, 0x0000000706600000, 0x0000000706800000|  0%| F|  |TAMS 0x0000000706600000, 0x0000000706600000| Untracked 
|  47|0x0000000706800000, 0x0000000706800000, 0x0000000706a00000|  0%| F|  |TAMS 0x0000000706800000, 0x0000000706800000| Untracked 
|  48|0x0000000706a00000, 0x0000000706a00000, 0x0000000706c00000|  0%| F|  |TAMS 0x0000000706a00000, 0x0000000706a00000| Untracked 
|  49|0x0000000706c00000, 0x0000000706c00000, 0x0000000706e00000|  0%| F|  |TAMS 0x0000000706c00000, 0x0000000706c00000| Untracked 
|  50|0x0000000706e00000, 0x0000000706e00000, 0x0000000707000000|  0%| F|  |TAMS 0x0000000706e00000, 0x0000000706e00000| Untracked 
|  51|0x0000000707000000, 0x0000000707000000, 0x0000000707200000|  0%| F|  |TAMS 0x0000000707000000, 0x0000000707000000| Untracked 
|  52|0x0000000707200000, 0x0000000707200000, 0x0000000707400000|  0%| F|  |TAMS 0x0000000707200000, 0x0000000707200000| Untracked 
|  53|0x0000000707400000, 0x0000000707400000, 0x0000000707600000|  0%| F|  |TAMS 0x0000000707400000, 0x0000000707400000| Untracked 
|  54|0x0000000707600000, 0x0000000707600000, 0x0000000707800000|  0%| F|  |TAMS 0x0000000707600000, 0x0000000707600000| Untracked 
|  55|0x0000000707800000, 0x0000000707800000, 0x0000000707a00000|  0%| F|  |TAMS 0x0000000707800000, 0x0000000707800000| Untracked 
|  56|0x0000000707a00000, 0x0000000707a00000, 0x0000000707c00000|  0%| F|  |TAMS 0x0000000707a00000, 0x0000000707a00000| Untracked 
|  57|0x0000000707c00000, 0x0000000707c00000, 0x0000000707e00000|  0%| F|  |TAMS 0x0000000707c00000, 0x0000000707c00000| Untracked 
|  58|0x0000000707e00000, 0x0000000707e00000, 0x0000000708000000|  0%| F|  |TAMS 0x0000000707e00000, 0x0000000707e00000| Untracked 
|  59|0x0000000708000000, 0x0000000708000000, 0x0000000708200000|  0%| F|  |TAMS 0x0000000708000000, 0x0000000708000000| Untracked 
|  60|0x0000000708200000, 0x0000000708200000, 0x0000000708400000|  0%| F|  |TAMS 0x0000000708200000, 0x0000000708200000| Untracked 
|  61|0x0000000708400000, 0x0000000708400000, 0x0000000708600000|  0%| F|  |TAMS 0x0000000708400000, 0x0000000708400000| Untracked 
|  62|0x0000000708600000, 0x0000000708600000, 0x0000000708800000|  0%| F|  |TAMS 0x0000000708600000, 0x0000000708600000| Untracked 
|  63|0x0000000708800000, 0x0000000708800000, 0x0000000708a00000|  0%| F|  |TAMS 0x0000000708800000, 0x0000000708800000| Untracked 
|  64|0x0000000708a00000, 0x0000000708a00000, 0x0000000708c00000|  0%| F|  |TAMS 0x0000000708a00000, 0x0000000708a00000| Untracked 
|  65|0x0000000708c00000, 0x0000000708c00000, 0x0000000708e00000|  0%| F|  |TAMS 0x0000000708c00000, 0x0000000708c00000| Untracked 
|  66|0x0000000708e00000, 0x0000000708e00000, 0x0000000709000000|  0%| F|  |TAMS 0x0000000708e00000, 0x0000000708e00000| Untracked 
|  67|0x0000000709000000, 0x0000000709000000, 0x0000000709200000|  0%| F|  |TAMS 0x0000000709000000, 0x0000000709000000| Untracked 
|  68|0x0000000709200000, 0x0000000709200000, 0x0000000709400000|  0%| F|  |TAMS 0x0000000709200000, 0x0000000709200000| Untracked 
|  69|0x0000000709400000, 0x0000000709400000, 0x0000000709600000|  0%| F|  |TAMS 0x0000000709400000, 0x0000000709400000| Untracked 
|  70|0x0000000709600000, 0x0000000709600000, 0x0000000709800000|  0%| F|  |TAMS 0x0000000709600000, 0x0000000709600000| Untracked 
|  71|0x0000000709800000, 0x0000000709800000, 0x0000000709a00000|  0%| F|  |TAMS 0x0000000709800000, 0x0000000709800000| Untracked 
|  72|0x0000000709a00000, 0x0000000709a00000, 0x0000000709c00000|  0%| F|  |TAMS 0x0000000709a00000, 0x0000000709a00000| Untracked 
|  73|0x0000000709c00000, 0x0000000709c00000, 0x0000000709e00000|  0%| F|  |TAMS 0x0000000709c00000, 0x0000000709c00000| Untracked 
|  74|0x0000000709e00000, 0x0000000709e00000, 0x000000070a000000|  0%| F|  |TAMS 0x0000000709e00000, 0x0000000709e00000| Untracked 
|  75|0x000000070a000000, 0x000000070a000000, 0x000000070a200000|  0%| F|  |TAMS 0x000000070a000000, 0x000000070a000000| Untracked 
|  76|0x000000070a200000, 0x000000070a200000, 0x000000070a400000|  0%| F|  |TAMS 0x000000070a200000, 0x000000070a200000| Untracked 
|  77|0x000000070a400000, 0x000000070a400000, 0x000000070a600000|  0%| F|  |TAMS 0x000000070a400000, 0x000000070a400000| Untracked 
|  78|0x000000070a600000, 0x000000070a600000, 0x000000070a800000|  0%| F|  |TAMS 0x000000070a600000, 0x000000070a600000| Untracked 
|  79|0x000000070a800000, 0x000000070a800000, 0x000000070aa00000|  0%| F|  |TAMS 0x000000070a800000, 0x000000070a800000| Untracked 
|  80|0x000000070aa00000, 0x000000070aa00000, 0x000000070ac00000|  0%| F|  |TAMS 0x000000070aa00000, 0x000000070aa00000| Untracked 
|  81|0x000000070ac00000, 0x000000070ac00000, 0x000000070ae00000|  0%| F|  |TAMS 0x000000070ac00000, 0x000000070ac00000| Untracked 
|  82|0x000000070ae00000, 0x000000070ae00000, 0x000000070b000000|  0%| F|  |TAMS 0x000000070ae00000, 0x000000070ae00000| Untracked 
|  83|0x000000070b000000, 0x000000070b000000, 0x000000070b200000|  0%| F|  |TAMS 0x000000070b000000, 0x000000070b000000| Untracked 
|  84|0x000000070b200000, 0x000000070b200000, 0x000000070b400000|  0%| F|  |TAMS 0x000000070b200000, 0x000000070b200000| Untracked 
|  85|0x000000070b400000, 0x000000070b400000, 0x000000070b600000|  0%| F|  |TAMS 0x000000070b400000, 0x000000070b400000| Untracked 
|  86|0x000000070b600000, 0x000000070b600000, 0x000000070b800000|  0%| F|  |TAMS 0x000000070b600000, 0x000000070b600000| Untracked 
|  87|0x000000070b800000, 0x000000070b800000, 0x000000070ba00000|  0%| F|  |TAMS 0x000000070b800000, 0x000000070b800000| Untracked 
|  88|0x000000070ba00000, 0x000000070ba00000, 0x000000070bc00000|  0%| F|  |TAMS 0x000000070ba00000, 0x000000070ba00000| Untracked 
|  89|0x000000070bc00000, 0x000000070bc00000, 0x000000070be00000|  0%| F|  |TAMS 0x000000070bc00000, 0x000000070bc00000| Untracked 
|  90|0x000000070be00000, 0x000000070be00000, 0x000000070c000000|  0%| F|  |TAMS 0x000000070be00000, 0x000000070be00000| Untracked 
|  91|0x000000070c000000, 0x000000070c000000, 0x000000070c200000|  0%| F|  |TAMS 0x000000070c000000, 0x000000070c000000| Untracked 
|  92|0x000000070c200000, 0x000000070c200000, 0x000000070c400000|  0%| F|  |TAMS 0x000000070c200000, 0x000000070c200000| Untracked 
|  93|0x000000070c400000, 0x000000070c400000, 0x000000070c600000|  0%| F|  |TAMS 0x000000070c400000, 0x000000070c400000| Untracked 
|  94|0x000000070c600000, 0x000000070c600000, 0x000000070c800000|  0%| F|  |TAMS 0x000000070c600000, 0x000000070c600000| Untracked 
|  95|0x000000070c800000, 0x000000070c800000, 0x000000070ca00000|  0%| F|  |TAMS 0x000000070c800000, 0x000000070c800000| Untracked 
|  96|0x000000070ca00000, 0x000000070ca00000, 0x000000070cc00000|  0%| F|  |TAMS 0x000000070ca00000, 0x000000070ca00000| Untracked 
|  97|0x000000070cc00000, 0x000000070cc00000, 0x000000070ce00000|  0%| F|  |TAMS 0x000000070cc00000, 0x000000070cc00000| Untracked 
|  98|0x000000070ce00000, 0x000000070ce00000, 0x000000070d000000|  0%| F|  |TAMS 0x000000070ce00000, 0x000000070ce00000| Untracked 
|  99|0x000000070d000000, 0x000000070d000000, 0x000000070d200000|  0%| F|  |TAMS 0x000000070d000000, 0x000000070d000000| Untracked 
| 100|0x000000070d200000, 0x000000070d200000, 0x000000070d400000|  0%| F|  |TAMS 0x000000070d200000, 0x000000070d200000| Untracked 
| 101|0x000000070d400000, 0x000000070d400000, 0x000000070d600000|  0%| F|  |TAMS 0x000000070d400000, 0x000000070d400000| Untracked 
| 102|0x000000070d600000, 0x000000070d600000, 0x000000070d800000|  0%| F|  |TAMS 0x000000070d600000, 0x000000070d600000| Untracked 
| 103|0x000000070d800000, 0x000000070d800000, 0x000000070da00000|  0%| F|  |TAMS 0x000000070d800000, 0x000000070d800000| Untracked 
| 104|0x000000070da00000, 0x000000070da00000, 0x000000070dc00000|  0%| F|  |TAMS 0x000000070da00000, 0x000000070da00000| Untracked 
| 105|0x000000070dc00000, 0x000000070dc00000, 0x000000070de00000|  0%| F|  |TAMS 0x000000070dc00000, 0x000000070dc00000| Untracked 
| 106|0x000000070de00000, 0x000000070de00000, 0x000000070e000000|  0%| F|  |TAMS 0x000000070de00000, 0x000000070de00000| Untracked 
| 107|0x000000070e000000, 0x000000070e000000, 0x000000070e200000|  0%| F|  |TAMS 0x000000070e000000, 0x000000070e000000| Untracked 
| 108|0x000000070e200000, 0x000000070e200000, 0x000000070e400000|  0%| F|  |TAMS 0x000000070e200000, 0x000000070e200000| Untracked 
| 109|0x000000070e400000, 0x000000070e400000, 0x000000070e600000|  0%| F|  |TAMS 0x000000070e400000, 0x000000070e400000| Untracked 
| 110|0x000000070e600000, 0x000000070e600000, 0x000000070e800000|  0%| F|  |TAMS 0x000000070e600000, 0x000000070e600000| Untracked 
| 111|0x000000070e800000, 0x000000070e800000, 0x000000070ea00000|  0%| F|  |TAMS 0x000000070e800000, 0x000000070e800000| Untracked 
| 112|0x000000070ea00000, 0x000000070ea00000, 0x000000070ec00000|  0%| F|  |TAMS 0x000000070ea00000, 0x000000070ea00000| Untracked 
| 113|0x000000070ec00000, 0x000000070ec00000, 0x000000070ee00000|  0%| F|  |TAMS 0x000000070ec00000, 0x000000070ec00000| Untracked 
| 114|0x000000070ee00000, 0x000000070ee00000, 0x000000070f000000|  0%| F|  |TAMS 0x000000070ee00000, 0x000000070ee00000| Untracked 
| 115|0x000000070f000000, 0x000000070f000000, 0x000000070f200000|  0%| F|  |TAMS 0x000000070f000000, 0x000000070f000000| Untracked 
| 116|0x000000070f200000, 0x000000070f200000, 0x000000070f400000|  0%| F|  |TAMS 0x000000070f200000, 0x000000070f200000| Untracked 
| 117|0x000000070f400000, 0x000000070f400000, 0x000000070f600000|  0%| F|  |TAMS 0x000000070f400000, 0x000000070f400000| Untracked 
| 118|0x000000070f600000, 0x000000070f600000, 0x000000070f800000|  0%| F|  |TAMS 0x000000070f600000, 0x000000070f600000| Untracked 
| 119|0x000000070f800000, 0x000000070f800000, 0x000000070fa00000|  0%| F|  |TAMS 0x000000070f800000, 0x000000070f800000| Untracked 
| 120|0x000000070fa00000, 0x000000070fa00000, 0x000000070fc00000|  0%| F|  |TAMS 0x000000070fa00000, 0x000000070fa00000| Untracked 
| 121|0x000000070fc00000, 0x000000070fc00000, 0x000000070fe00000|  0%| F|  |TAMS 0x000000070fc00000, 0x000000070fc00000| Untracked 
| 122|0x000000070fe00000, 0x000000070fe00000, 0x0000000710000000|  0%| F|  |TAMS 0x000000070fe00000, 0x000000070fe00000| Untracked 
| 123|0x0000000710000000, 0x0000000710000000, 0x0000000710200000|  0%| F|  |TAMS 0x0000000710000000, 0x0000000710000000| Untracked 
| 124|0x0000000710200000, 0x0000000710200000, 0x0000000710400000|  0%| F|  |TAMS 0x0000000710200000, 0x0000000710200000| Untracked 
| 125|0x0000000710400000, 0x00000007104e21f8, 0x0000000710600000| 44%| E|  |TAMS 0x0000000710400000, 0x0000000710400000| Complete 
| 126|0x0000000710600000, 0x0000000710800000, 0x0000000710800000|100%| E|CS|TAMS 0x0000000710600000, 0x0000000710600000| Complete 
| 127|0x0000000710800000, 0x0000000710a00000, 0x0000000710a00000|100%| E|CS|TAMS 0x0000000710800000, 0x0000000710800000| Complete 

Card table byte_map: [0x000001efbf940000,0x000001efc0140000] _byte_map_base: 0x000001efbc13b000

Marking Bits (Prev, Next): (CMBitMap*) 0x000001efaa7db140, (CMBitMap*) 0x000001efaa7db180
 Prev Bits: [0x000001efc0940000, 0x000001efc4918000)
 Next Bits: [0x000001efc4920000, 0x000001efc88f8000)

Polling page: 0x000001efaa840000

Metaspace:

Usage:
  Non-class:      7.20 MB used.
      Class:    737.23 KB used.
       Both:      7.92 MB used.

Virtual space:
  Non-class space:       64.00 MB reserved,       7.31 MB ( 11%) committed,  1 nodes.
      Class space:        1.00 GB reserved,     832.00 KB ( <1%) committed,  1 nodes.
             Both:        1.06 GB reserved,       8.12 MB ( <1%) committed. 

Chunk freelists:
   Non-Class:  8.34 MB
       Class:  15.21 MB
        Both:  23.55 MB

MaxMetaspaceSize: unlimited
CompressedClassSpaceSize: 1.00 GB
Initial GC threshold: 21.00 MB
Current GC threshold: 21.00 MB
CDS: off
MetaspaceReclaimPolicy: balanced
 - commit_granule_bytes: 65536.
 - commit_granule_words: 8192.
 - virtual_space_node_default_size: 8388608.
 - enlarge_chunks_in_place: 1.
 - new_chunks_are_fully_committed: 0.
 - uncommit_free_chunks: 1.
 - use_allocation_guard: 0.
 - handle_deallocations: 1.


Internal statistics:

num_allocs_failed_limit: 0.
num_arena_births: 50.
num_arena_deaths: 0.
num_vsnodes_births: 2.
num_vsnodes_deaths: 0.
num_space_committed: 130.
num_space_uncommitted: 0.
num_chunks_returned_to_freelist: 0.
num_chunks_taken_from_freelist: 80.
num_chunk_merges: 0.
num_chunk_splits: 47.
num_chunks_enlarged: 32.
num_inconsistent_stats: 0.

CodeHeap 'non-profiled nmethods': size=120000Kb used=123Kb max_used=123Kb free=119876Kb
 bounds [0x000001efb7190000, 0x000001efb7400000, 0x000001efbe6c0000]
CodeHeap 'profiled nmethods': size=120000Kb used=591Kb max_used=591Kb free=119408Kb
 bounds [0x000001efaf6c0000, 0x000001efaf930000, 0x000001efb6bf0000]
CodeHeap 'non-nmethods': size=5760Kb used=1128Kb max_used=1141Kb free=4631Kb
 bounds [0x000001efb6bf0000, 0x000001efb6e60000, 0x000001efb7190000]
 total_blobs=806 nmethods=393 adapters=326
 compilation: enabled
              stopped_count=0, restarted_count=0
 full_count=0

Compilation events (20 events):
Event: 7.861 Thread 0x000001efcb4b5db0  260       3       java.lang.Character::toLowerCase (9 bytes)
Event: 7.861 Thread 0x000001efcb4b5db0 nmethod 260 0x000001efaf729390 code [0x000001efaf729540, 0x000001efaf729738]
Event: 7.861 Thread 0x000001efcb4b5db0  261       3       java.lang.CharacterDataLatin1::toUpperCase (53 bytes)
Event: 7.861 Thread 0x000001efcb4b5db0 nmethod 261 0x000001efaf729810 code [0x000001efaf7299c0, 0x000001efaf729c58]
Event: 7.864 Thread 0x000001efcb4b5400  263       4       java.lang.StringLatin1::lastIndexOf (40 bytes)
Event: 7.866 Thread 0x000001efcb4b5db0  265       3       java.lang.String::checkBoundsOffCount (64 bytes)
Event: 7.868 Thread 0x000001efcb4b5db0 nmethod 265 0x000001efaf729d90 code [0x000001efaf72a020, 0x000001efaf72a918]
Event: 7.868 Thread 0x000001efcb4b5db0  264       1       java.net.URL::getHost (5 bytes)
Event: 7.868 Thread 0x000001efcb4b5db0 nmethod 264 0x000001efb71a0a10 code [0x000001efb71a0ba0, 0x000001efb71a0c78]
Event: 7.869 Thread 0x000001efcb4b5db0  266       3       java.lang.StringLatin1::inflate (34 bytes)
Event: 7.869 Thread 0x000001efcb4b5400 nmethod 263 0x000001efb71a0d10 code [0x000001efb71a0e80, 0x000001efb71a1018]
Event: 7.869 Thread 0x000001efcb4b5db0 nmethod 266 0x000001efaf72ac90 code [0x000001efaf72ae40, 0x000001efaf72b058]
Event: 7.870 Thread 0x000001efcb4b5db0  267       3       java.lang.StringConcatHelper::stringOf (20 bytes)
Event: 7.870 Thread 0x000001efcb4b5db0 nmethod 267 0x000001efaf72b210 code [0x000001efaf72b3c0, 0x000001efaf72b608]
Event: 7.870 Thread 0x000001efcb4b5db0  268       3       java.lang.StringConcatHelper::mix (27 bytes)
Event: 7.871 Thread 0x000001efcb4b5db0 nmethod 268 0x000001efaf72b710 code [0x000001efaf72b8e0, 0x000001efaf72bd08]
Event: 7.871 Thread 0x000001efcb4b5db0  269       3       java.lang.StringConcatHelper::prepend (37 bytes)
Event: 7.871 Thread 0x000001efcb4b5db0 nmethod 269 0x000001efaf72bf10 code [0x000001efaf72c0e0, 0x000001efaf72c3b8]
Event: 7.871 Thread 0x000001efcb4b5db0  270       3       java.lang.String::getBytes (44 bytes)
Event: 7.871 Thread 0x000001efcb4b5db0 nmethod 270 0x000001efaf72c510 code [0x000001efaf72c6e0, 0x000001efaf72c9f8]

GC Heap History (0 events):
No events

Dll operation events (1 events):
Event: 0.015 Loaded shared library C:\Program Files\JetBrains\IntelliJ IDEA 2023.1\jbr\bin\java.dll

Deoptimization events (0 events):
No events

Classes unloaded (0 events):
No events

Classes redefined (0 events):
No events

Internal exceptions (4 events):
Event: 0.297 Thread 0x000001efaa76a840 Exception <a 'java/lang/NoSuchMethodError'{0x0000000710628f18}: 'java.lang.Object java.lang.invoke.DirectMethodHandle$Holder.invokeStaticInit(java.lang.Object, int, int, int, int)'> (0x0000000710628f18) 
thrown [s\src\hotspot\share\interpreter\linkResolver.cpp, line 771]
Event: 0.373 Thread 0x000001efaa76a840 Exception <a 'java/lang/NoSuchMethodError'{0x00000007106961b0}: 'java.lang.Object java.lang.invoke.DirectMethodHandle$Holder.invokeStaticInit(java.lang.Object, java.lang.Object, int, int, int, int)'> (0x00000007106961b0) 
thrown [s\src\hotspot\share\interpreter\linkResolver.cpp, line 771]
Event: 0.381 Thread 0x000001efaa76a840 Exception <a 'java/lang/NoSuchMethodError'{0x000000071069e7b8}: 'java.lang.Object java.lang.invoke.DirectMethodHandle$Holder.invokeStaticInit(java.lang.Object)'> (0x000000071069e7b8) 
thrown [s\src\hotspot\share\interpreter\linkResolver.cpp, line 771]
Event: 0.393 Thread 0x000001efaa76a840 Exception <a 'java/lang/NoSuchMethodError'{0x00000007106ab9d8}: 'void java.lang.invoke.DirectMethodHandle$Holder.invokeStatic(java.lang.Object, java.lang.Object)'> (0x00000007106ab9d8) 
thrown [s\src\hotspot\share\interpreter\linkResolver.cpp, line 771]

VM Operations (6 events):
Event: 0.207 Executing VM operation: HandshakeAllThreads
Event: 0.207 Executing VM operation: HandshakeAllThreads done
Event: 0.323 Executing VM operation: HandshakeAllThreads
Event: 0.323 Executing VM operation: HandshakeAllThreads done
Event: 1.337 Executing VM operation: Cleanup
Event: 1.337 Executing VM operation: Cleanup done

Events (20 events):
Event: 7.851 loading class java/net/SocketException
Event: 7.851 loading class java/net/SocketException done
Event: 7.860 loading class java/io/UnsupportedEncodingException
Event: 7.860 loading class java/io/UnsupportedEncodingException done
Event: 7.863 loading class sun/nio/ch/Util
Event: 7.863 loading class sun/nio/ch/Util done
Event: 7.863 loading class sun/nio/ch/Util$1
Event: 7.863 loading class sun/nio/ch/Util$1 done
Event: 7.863 loading class sun/nio/ch/Util$BufferCache
Event: 7.863 loading class sun/nio/ch/Util$BufferCache done
Event: 7.863 loading class java/nio/DirectByteBuffer$Deallocator
Event: 7.863 loading class java/nio/DirectByteBuffer$Deallocator done
Event: 7.871 loading class sun/misc/Unsafe
Event: 7.872 loading class sun/misc/Unsafe done
Event: 7.872 loading class jdk/internal/reflect/UnsafeFieldAccessorFactory
Event: 7.872 loading class jdk/internal/reflect/UnsafeFieldAccessorFactory done
Event: 7.873 loading class jdk/internal/reflect/UnsafeQualifiedStaticObjectFieldAccessorImpl
Event: 7.873 loading class jdk/internal/reflect/UnsafeQualifiedStaticFieldAccessorImpl
Event: 7.873 loading class jdk/internal/reflect/UnsafeQualifiedStaticFieldAccessorImpl done
Event: 7.873 loading class jdk/internal/reflect/UnsafeQualifiedStaticObjectFieldAccessorImpl done


Dynamic libraries:
0x00007ff71aae0000 - 0x00007ff71aaea000 	C:\Program Files\JetBrains\IntelliJ IDEA 2023.1\jbr\bin\java.exe
0x00007fff2e150000 - 0x00007fff2e348000 	C:\WINDOWS\SYSTEM32\ntdll.dll
0x00007fff2d6a0000 - 0x00007fff2d75d000 	C:\WINDOWS\System32\KERNEL32.DLL
0x00007fff2bb80000 - 0x00007fff2be76000 	C:\WINDOWS\System32\KERNELBASE.dll
0x00007fff2b8d0000 - 0x00007fff2b9d0000 	C:\WINDOWS\System32\ucrtbase.dll
0x00007fff046c0000 - 0x00007fff046d7000 	C:\Program Files\JetBrains\IntelliJ IDEA 2023.1\jbr\bin\jli.dll
0x00007fff274a0000 - 0x00007fff274bb000 	C:\Program Files\JetBrains\IntelliJ IDEA 2023.1\jbr\bin\VCRUNTIME140.dll
0x00007fff2c480000 - 0x00007fff2c61e000 	C:\WINDOWS\System32\USER32.dll
0x00007fff2be80000 - 0x00007fff2bea2000 	C:\WINDOWS\System32\win32u.dll
0x00007fff157d0000 - 0x00007fff15a6a000 	C:\WINDOWS\WinSxS\amd64_microsoft.windows.common-controls_6595b64144ccf1df_6.0.19041.1110_none_60b5254171f9507e\COMCTL32.dll
0x00007fff2d570000 - 0x00007fff2d59c000 	C:\WINDOWS\System32\GDI32.dll
0x00007fff2d3f0000 - 0x00007fff2d48e000 	C:\WINDOWS\System32\msvcrt.dll
0x00007fff2c010000 - 0x00007fff2c12a000 	C:\WINDOWS\System32\gdi32full.dll
0x00007fff2b830000 - 0x00007fff2b8cd000 	C:\WINDOWS\System32\msvcp_win.dll
0x00007fff2c620000 - 0x00007fff2c650000 	C:\WINDOWS\System32\IMM32.DLL
0x00007fff262b0000 - 0x00007fff262bc000 	C:\Program Files\JetBrains\IntelliJ IDEA 2023.1\jbr\bin\vcruntime140_1.dll
0x00007fff24080000 - 0x00007fff2410d000 	C:\Program Files\JetBrains\IntelliJ IDEA 2023.1\jbr\bin\msvcp140.dll
0x00007ffecdc80000 - 0x00007ffece8ee000 	C:\Program Files\JetBrains\IntelliJ IDEA 2023.1\jbr\bin\server\jvm.dll
0x00007fff2d8d0000 - 0x00007fff2d97e000 	C:\WINDOWS\System32\ADVAPI32.dll
0x00007fff2d600000 - 0x00007fff2d69c000 	C:\WINDOWS\System32\sechost.dll
0x00007fff2dfe0000 - 0x00007fff2e106000 	C:\WINDOWS\System32\RPCRT4.dll
0x00007fff15060000 - 0x00007fff15069000 	C:\WINDOWS\SYSTEM32\WSOCK32.dll
0x00007fff2dab0000 - 0x00007fff2db1b000 	C:\WINDOWS\System32\WS2_32.dll
0x00007fff19900000 - 0x00007fff19927000 	C:\WINDOWS\SYSTEM32\WINMM.dll
0x00007fff23fb0000 - 0x00007fff23fba000 	C:\WINDOWS\SYSTEM32\VERSION.dll
0x00007fff296a0000 - 0x00007fff296b2000 	C:\WINDOWS\SYSTEM32\kernel.appcore.dll
0x00007fff29050000 - 0x00007fff2905a000 	C:\Program Files\JetBrains\IntelliJ IDEA 2023.1\jbr\bin\jimage.dll
0x00007fff16590000 - 0x00007fff16774000 	C:\WINDOWS\SYSTEM32\DBGHELP.DLL
0x00007fff12660000 - 0x00007fff12694000 	C:\WINDOWS\SYSTEM32\dbgcore.DLL
0x00007fff2b9d0000 - 0x00007fff2ba52000 	C:\WINDOWS\System32\bcryptPrimitives.dll
0x00007fff1fa60000 - 0x00007fff1fa85000 	C:\Program Files\JetBrains\IntelliJ IDEA 2023.1\jbr\bin\java.dll
0x00007fff0f530000 - 0x00007fff0f548000 	C:\Program Files\JetBrains\IntelliJ IDEA 2023.1\jbr\bin\zip.dll
0x00007fff2c800000 - 0x00007fff2cf45000 	C:\WINDOWS\System32\SHELL32.dll
0x00007fff298a0000 - 0x00007fff2a03b000 	C:\WINDOWS\SYSTEM32\windows.storage.dll
0x00007fff2dc80000 - 0x00007fff2dfd4000 	C:\WINDOWS\System32\combase.dll
0x00007fff2b0c0000 - 0x00007fff2b0ee000 	C:\WINDOWS\SYSTEM32\Wldp.dll
0x00007fff2d820000 - 0x00007fff2d8cd000 	C:\WINDOWS\System32\SHCORE.dll
0x00007fff2d7c0000 - 0x00007fff2d815000 	C:\WINDOWS\System32\shlwapi.dll
0x00007fff2b760000 - 0x00007fff2b785000 	C:\WINDOWS\SYSTEM32\profapi.dll
0x00007fff0f510000 - 0x00007fff0f529000 	C:\Program Files\JetBrains\IntelliJ IDEA 2023.1\jbr\bin\net.dll
0x00007fff25280000 - 0x00007fff2538a000 	C:\WINDOWS\SYSTEM32\WINHTTP.dll
0x00007fff2aea0000 - 0x00007fff2af0a000 	C:\WINDOWS\system32\mswsock.dll
0x00007fff07ce0000 - 0x00007fff07cf6000 	C:\Program Files\JetBrains\IntelliJ IDEA 2023.1\jbr\bin\nio.dll
0x00007fff2b410000 - 0x00007fff2b428000 	C:\WINDOWS\SYSTEM32\CRYPTSP.dll
0x00007fff2a7d0000 - 0x00007fff2a804000 	C:\WINDOWS\system32\rsaenh.dll
0x00007fff2c180000 - 0x00007fff2c1a7000 	C:\WINDOWS\System32\bcrypt.dll
0x00007fff2b720000 - 0x00007fff2b74e000 	C:\WINDOWS\SYSTEM32\USERENV.dll
0x00007fff2b030000 - 0x00007fff2b03c000 	C:\WINDOWS\SYSTEM32\CRYPTBASE.dll
0x00007fff2abb0000 - 0x00007fff2abeb000 	C:\WINDOWS\SYSTEM32\IPHLPAPI.DLL
0x00007fff2d3d0000 - 0x00007fff2d3d8000 	C:\WINDOWS\System32\NSI.dll
0x00007fff25b80000 - 0x00007fff25b97000 	C:\WINDOWS\SYSTEM32\dhcpcsvc6.DLL
0x00007fff25b60000 - 0x00007fff25b7d000 	C:\WINDOWS\SYSTEM32\dhcpcsvc.DLL
0x00007fff2abf0000 - 0x00007fff2acba000 	C:\WINDOWS\SYSTEM32\DNSAPI.dll

dbghelp: loaded successfully - version: 4.0.5 - missing functions: none
symbol engine: initialized successfully - sym options: 0x614 - pdb path: .;C:\Program Files\JetBrains\IntelliJ IDEA 2023.1\jbr\bin;C:\WINDOWS\SYSTEM32;C:\WINDOWS\WinSxS\amd64_microsoft.windows.common-controls_6595b64144ccf1df_6.0.19041.1110_none_60b5254171f9507e;C:\Program Files\JetBrains\IntelliJ IDEA 2023.1\jbr\bin\server

VM Arguments:
jvm_args: -Dfile.encoding=windows-1252 -Duser.country=GB -Duser.language=en -Duser.variant 
java_command: com.thnkscj.socket.server.MainServer
java_class_path (initial): C:\Users\Thnks_CJ\Documents\GitHub\socket\server\build\classes\java\main;C:\Users\Thnks_CJ\Documents\GitHub\socket\server\build\resources\main;C:\Users\Thnks_CJ\Documents\GitHub\socket\common\build\libs\common-1.0.0.jar;C:\Users\Thnks_CJ\.gradle\caches\modules-2\files-2.1\com.github.Cuubicc\Esys\6bcfb97669\2d7050874dcce2065de28efd9c4f339f11bb1a9b\Esys-6bcfb97669.jar;C:\Users\Thnks_CJ\.gradle\caches\modules-2\files-2.1\io.fastjson\boon\0.34\fa10a6c6637ffe87e62f0223d2a64f2b40163ce7\boon-0.34.jar;C:\Users\Thnks_CJ\.gradle\caches\modules-2\files-2.1\net.jodah\typetools\0.6.3\a01aaa6ddaea9ec07ec4f209487b7a46a526283a\typetools-0.6.3.jar
Launcher Type: SUN_STANDARD

[Global flags]
     intx CICompilerCount                          = 4                                         {product} {ergonomic}
     uint ConcGCThreads                            = 2                                         {product} {ergonomic}
     uint G1ConcRefinementThreads                  = 8                                         {product} {ergonomic}
   size_t G1HeapRegionSize                         = 2097152                                   {product} {ergonomic}
    uintx GCDrainStackTargetSize                   = 64                                        {product} {ergonomic}
   size_t InitialHeapSize                          = 268435456                                 {product} {ergonomic}
   size_t MarkStackSize                            = 4194304                                   {product} {ergonomic}
   size_t MaxHeapSize                              = 4284481536                                {product} {ergonomic}
   size_t MaxNewSize                               = 2569011200                                {product} {ergonomic}
   size_t MinHeapDeltaBytes                        = 2097152                                   {product} {ergonomic}
   size_t MinHeapSize                              = 8388608                                   {product} {ergonomic}
    uintx NonNMethodCodeHeapSize                   = 5839372                                {pd product} {ergonomic}
    uintx NonProfiledCodeHeapSize                  = 122909434                              {pd product} {ergonomic}
    uintx ProfiledCodeHeapSize                     = 122909434                              {pd product} {ergonomic}
    uintx ReservedCodeCacheSize                    = 251658240                              {pd product} {ergonomic}
     bool SegmentedCodeCache                       = true                                      {product} {ergonomic}
   size_t SoftMaxHeapSize                          = 4284481536                             {manageable} {ergonomic}
     bool UseCompressedClassPointers               = true                           {product lp64_product} {ergonomic}
     bool UseCompressedOops                        = true                           {product lp64_product} {ergonomic}
     bool UseG1GC                                  = true                                      {product} {ergonomic}
     bool UseLargePagesIndividualAllocation        = false                                  {pd product} {ergonomic}

Logging:
Log output configuration:
 #0: stdout all=warning uptime,level,tags
 #1: stderr all=off uptime,level,tags

Environment Variables:
PATH=C:\Python311\Scripts\;C:\Python311\;C:\Program Files\Java\jdk-20\bin;C:\Program Files\Eclipse Adoptium\jdk-11.0.19.7-hotspot\bin;C:\Program Files\Eclipse Adoptium\jdk-8.0.372.7-hotspot\bin;C:\Program Files\OpenJDK\jdk-8.0.362.09-hotspot\bin;C:\Program Files\Common Files\Oracle\Java\javapath;C:\WINDOWS\system32;C:\WINDOWS;C:\WINDOWS\System32\Wbem;C:\WINDOWS\System32\WindowsPowerShell\v1.0\;C:\WINDOWS\System32\OpenSSH\;C:\Program Files\NVIDIA Corporation\NVIDIA NvDLISR;C:\ProgramData\chocolatey\bin;C:\Program Files\Docker\Docker\resources\bin;C:\Program Files\Git\cmd;C:\Program Files\WindowsPowerShell\Scripts;C:\Program Files\dotnet\;C:\Users\Thnks_CJ\AppData\Roaming\nvm;C:\Program Files\nodejs;C:\Program Files\Gource\cmd;C:\msys64\mingw64\bin;C:\Users\Thnks_CJ\.cargo\bin;C:\Users\Thnks_CJ\AppData\Local\Microsoft\WindowsApps;C:\Users\Thnks_CJ\AppData\Local\spicetify;C:\Users\Thnks_CJ\AppData\Roaming\npm;C:\Program Files\JetBrains\WebStorm 2023.1\bin;C:\Program Files\JetBrains\IntelliJ IDEA 2023.1\bin;C:\Users\Thnks_CJ\AppData\Local\atom\bin;C:\Program Files\Git\usr\bin;C:\PATH_Programs;C:\Users\Thnks_CJ\AppData\Local\Microsoft\WindowsApps;C:\Users\Thnks_CJ\AppData\Roaming\nvm;C:\Program Files\nodejs;C:\Users\Thnks_CJ\AppData\Local\JetBrains\Toolbox\scripts;C:\Users\Thnks_CJ\AppData\Local\Programs\Fiddler;C:\Program Files\Java\javafx-sdk-21\lib;
USERNAME=Thnks_CJ
OS=Windows_NT
PROCESSOR_IDENTIFIER=Intel64 Family 6 Model 42 Stepping 7, GenuineIntel
TMP=C:\Users\Thnks_CJ\AppData\Local\Temp
TEMP=C:\Users\Thnks_CJ\AppData\Local\Temp


JNI global refs:
JNI global refs: 19, weak refs: 0

JNI global refs memory usage: 843, weak refs: 209


---------------  S Y S T E M  ---------------

OS:
 Windows 10 , 64 bit Build 19041 (10.0.19041.3393)
OS uptime: 24 days 0:52 hours
Hyper-V role detected

CPU: total 8 (initial active 8) (4 cores per cpu, 2 threads per core) family 6 model 42 stepping 7 microcode 0x2f, cx8, cmov, fxsr, ht, mmx, sse, sse2, sse3, ssse3, sse4.1, sse4.2, popcnt, tsc, tscinvbit, avx, aes, clmul, vzeroupper, clflush, hv

Memory: 4k page, system-wide physical 16340M (5767M free)
TotalPageFile size 29652M (AvailPageFile size 13176M)
current process WorkingSet (physical memory assigned to process): 43M, peak: 43M
current process commit charge ("private bytes"): 343M, peak: 343M

vm_info: OpenJDK 64-Bit Server VM (17.0.7+10-b829.16) for windows-amd64 JRE (17.0.7+10-b829.16), built on 2023-06-02 by "builduser" with MS VC++ 16.10 / 16.11 (VS2019)

END.
